<?xml version="1.0" encoding="UTF-8"?>
<!-- Generated by org.testng.reporters.JUnitXMLReporter -->
<testsuite ignored="0" hostname="DESKTOP-B90LBK0" failures="0" tests="3" name="FilmDetails" time="63.152" errors="0" timestamp="2023-02-13T17:37:01 IST">
  <testcase classname="testNGPackage.MovieDetails" name="imdbFilmDetails" time="21.184"/>
  <testcase classname="testNGPackage.MovieDetails" name="wikiFilmDetails" time="11.664"/>
  <testcase classname="testNGPackage.MovieDetails" name="validate_IMDB_WIKI_FilmDetails" time="0.006"/>
</testsuite> <!-- FilmDetails -->
