<?xml version="1.0" encoding="UTF-8"?>
<!-- Generated by org.testng.reporters.JUnitXMLReporter -->
<testsuite ignored="0" hostname="DESKTOP-B90LBK0" failures="0" tests="3" name="Default test" time="79.872" errors="0" timestamp="2023-02-13T17:33:54 IST">
  <testcase classname="testNGPackage.MovieDetails" name="imdbFilmDetails" time="28.26"/>
  <testcase classname="testNGPackage.MovieDetails" name="wikiFilmDetails" time="10.33"/>
  <testcase classname="testNGPackage.MovieDetails" name="validate_IMDB_WIKI_FilmDetails" time="0.037"/>
</testsuite> <!-- Default test -->
